Name #1:
Does Ali like the smell of adventure? Of course they do.

Name #2:
Does UCF like the smell of adventure? Of course they do.

Name #3:
Does cRaZyTeXt like the smell of adventure? Of course they do.

Name #4:
Does Antony like the smell of adventure? Of course they do.

Name #5:
Does Arup like the smell of adventure? Of course they do.

Name #6:
Does Charles like the smell of adventure? Of course they do.

Name #7:
Does Chris like the smell of adventure? Of course they do.

Name #8:
Does Danny like the smell of adventure? Of course they do.

Name #9:
Does Glenn like the smell of adventure? Of course they do.

Name #10:
Does Jason like the smell of adventure? Of course they do.

Name #11:
Does John like the smell of adventure? Of course they do.

Name #12:
Does Josh like the smell of adventure? Of course they do.

Name #13:
Does Matt like the smell of adventure? Of course they do.

Name #14:
Does Mike like the smell of adventure? Of course they do.

Name #15:
Does Satej like the smell of adventure? Of course they do.

Name #16:
Does Stephen like the smell of adventure? Of course they do.

Name #17:
Does Steven like the smell of adventure? Of course they do.

Name #18:
Does Travis like the smell of adventure? Of course they do.

